# JRE version: OpenJDK Runtime Environment (8.0_275-b01) (build 1.8.0_275-b01)
# Java VM: OpenJDK 64-Bit Server VM (25.275-b01 mixed mode windows-amd64 compressed oops)
Heap:
 PSYoungGen      total 76288K, used 15468K [0x00000000f5580000, 0x00000000fd480000, 0x0000000100000000)
  eden space 65536K, 10% used [0x00000000f5580000,0x00000000f5c7e9b0,0x00000000f9580000)
  from space 10752K, 77% used [0x00000000f9580000,0x00000000f9d9c7d8,0x00000000fa000000)
  to   space 11776K, 0% used [0x00000000fc900000,0x00000000fc900000,0x00000000fd480000)
 ParOldGen       total 175104K, used 7212K [0x00000000e0000000, 0x00000000eab00000, 0x00000000f5580000)
  object space 175104K, 4% used [0x00000000e0000000,0x00000000e070b328,0x00000000eab00000)
 Metaspace       used 29471K, capacity 30240K, committed 30464K, reserved 1075200K
  class space    used 4037K, capacity 4242K, committed 4352K, reserved 1048576K
GC Heap History (10 events):
Event: 3.711 GC heap before
{Heap before GC invocations=2 (full 0):
 PSYoungGen      total 76288K, used 71139K [0x00000000f5580000, 0x00000000faa80000, 0x0000000100000000)
  eden space 65536K, 100% used [0x00000000f5580000,0x00000000f9580000,0x00000000f9580000)
  from space 10752K, 52% used [0x00000000f9580000,0x00000000f9af8e78,0x00000000fa000000)
  to   space 10752K, 0% used [0x00000000fa000000,0x00000000fa000000,0x00000000faa80000)
 ParOldGen       total 175104K, used 16K [0x00000000e0000000, 0x00000000eab00000, 0x00000000f5580000)
  object space 175104K, 0% used [0x00000000e0000000,0x00000000e0004000,0x00000000eab00000)
 Metaspace       used 14889K, capacity 15266K, committed 15488K, reserved 1062912K
  class space    used 2017K, capacity 2163K, committed 2176K, reserved 1048576K
Event: 3.726 GC heap after
Heap after GC invocations=2 (full 0):
 PSYoungGen      total 76288K, used 9254K [0x00000000f5580000, 0x00000000faa80000, 0x0000000100000000)
  eden space 65536K, 0% used [0x00000000f5580000,0x00000000f5580000,0x00000000f9580000)
  from space 10752K, 86% used [0x00000000fa000000,0x00000000fa909920,0x00000000faa80000)
  to   space 10752K, 0% used [0x00000000f9580000,0x00000000f9580000,0x00000000fa000000)
 ParOldGen       total 175104K, used 24K [0x00000000e0000000, 0x00000000eab00000, 0x00000000f5580000)
  object space 175104K, 0% used [0x00000000e0000000,0x00000000e0006000,0x00000000eab00000)
 Metaspace       used 14889K, capacity 15266K, committed 15488K, reserved 1062912K
  class space    used 2017K, capacity 2163K, committed 2176K, reserved 1048576K
}
Event: 4.835 GC heap before
{Heap before GC invocations=3 (full 0):
 PSYoungGen      total 76288K, used 74790K [0x00000000f5580000, 0x00000000faa80000, 0x0000000100000000)
  eden space 65536K, 100% used [0x00000000f5580000,0x00000000f9580000,0x00000000f9580000)
  from space 10752K, 86% used [0x00000000fa000000,0x00000000fa909920,0x00000000faa80000)
  to   space 10752K, 0% used [0x00000000f9580000,0x00000000f9580000,0x00000000fa000000)
 ParOldGen       total 175104K, used 24K [0x00000000e0000000, 0x00000000eab00000, 0x00000000f5580000)
  object space 175104K, 0% used [0x00000000e0000000,0x00000000e0006020,0x00000000eab00000)
 Metaspace       used 20031K, capacity 20558K, committed 20736K, reserved 1067008K
  class space    used 2870K, capacity 3019K, committed 3072K, reserved 1048576K
Event: 4.854 GC heap after
Heap after GC invocations=3 (full 0):
 PSYoungGen      total 76288K, used 10743K [0x00000000f5580000, 0x00000000faa80000, 0x0000000100000000)
  eden space 65536K, 0% used [0x00000000f5580000,0x00000000f5580000,0x00000000f9580000)
  from space 10752K, 99% used [0x00000000f9580000,0x00000000f9ffdcc8,0x00000000fa000000)
  to   space 10752K, 0% used [0x00000000fa000000,0x00000000fa000000,0x00000000faa80000)
 ParOldGen       total 175104K, used 524K [0x00000000e0000000, 0x00000000eab00000, 0x00000000f5580000)
  object space 175104K, 0% used [0x00000000e0000000,0x00000000e0083368,0x00000000eab00000)
 Metaspace       used 20031K, capacity 20558K, committed 20736K, reserved 1067008K
  class space    used 2870K, capacity 3019K, committed 3072K, reserved 1048576K
}
Event: 5.040 GC heap before
{Heap before GC invocations=4 (full 0):
 PSYoungGen      total 76288K, used 22821K [0x00000000f5580000, 0x00000000faa80000, 0x0000000100000000)
  eden space 65536K, 18% used [0x00000000f5580000,0x00000000f614b960,0x00000000f9580000)
  from space 10752K, 99% used [0x00000000f9580000,0x00000000f9ffdcc8,0x00000000fa000000)
  to   space 10752K, 0% used [0x00000000fa000000,0x00000000fa000000,0x00000000faa80000)
 ParOldGen       total 175104K, used 524K [0x00000000e0000000, 0x00000000eab00000, 0x00000000f5580000)
  object space 175104K, 0% used [0x00000000e0000000,0x00000000e0083368,0x00000000eab00000)
 Metaspace       used 20732K, capacity 21246K, committed 21296K, reserved 1067008K
  class space    used 2984K, capacity 3159K, committed 3200K, reserved 1048576K
Event: 5.049 GC heap after
Heap after GC invocations=4 (full 0):
 PSYoungGen      total 76288K, used 7375K [0x00000000f5580000, 0x00000000faa80000, 0x0000000100000000)
  eden space 65536K, 0% used [0x00000000f5580000,0x00000000f5580000,0x00000000f9580000)
  from space 10752K, 68% used [0x00000000fa000000,0x00000000fa733d48,0x00000000faa80000)
  to   space 10752K, 0% used [0x00000000f9580000,0x00000000f9580000,0x00000000fa000000)
 ParOldGen       total 175104K, used 532K [0x00000000e0000000, 0x00000000eab00000, 0x00000000f5580000)
  object space 175104K, 0% used [0x00000000e0000000,0x00000000e0085368,0x00000000eab00000)
 Metaspace       used 20732K, capacity 21246K, committed 21296K, reserved 1067008K
  class space    used 2984K, capacity 3159K, committed 3200K, reserved 1048576K
}
Event: 5.049 GC heap before
{Heap before GC invocations=5 (full 1):
 PSYoungGen      total 76288K, used 7375K [0x00000000f5580000, 0x00000000faa80000, 0x0000000100000000)
  eden space 65536K, 0% used [0x00000000f5580000,0x00000000f5580000,0x00000000f9580000)
  from space 10752K, 68% used [0x00000000fa000000,0x00000000fa733d48,0x00000000faa80000)
  to   space 10752K, 0% used [0x00000000f9580000,0x00000000f9580000,0x00000000fa000000)
 ParOldGen       total 175104K, used 532K [0x00000000e0000000, 0x00000000eab00000, 0x00000000f5580000)
  object space 175104K, 0% used [0x00000000e0000000,0x00000000e0085368,0x00000000eab00000)
 Metaspace       used 20732K, capacity 21246K, committed 21296K, reserved 1067008K
  class space    used 2984K, capacity 3159K, committed 3200K, reserved 1048576K
Event: 5.106 GC heap after
Heap after GC invocations=5 (full 1):
 PSYoungGen      total 76288K, used 0K [0x00000000f5580000, 0x00000000faa80000, 0x0000000100000000)
  eden space 65536K, 0% used [0x00000000f5580000,0x00000000f5580000,0x00000000f9580000)
  from space 10752K, 0% used [0x00000000fa000000,0x00000000fa000000,0x00000000faa80000)
  to   space 10752K, 0% used [0x00000000f9580000,0x00000000f9580000,0x00000000fa000000)
 ParOldGen       total 175104K, used 7194K [0x00000000e0000000, 0x00000000eab00000, 0x00000000f5580000)
  object space 175104K, 4% used [0x00000000e0000000,0x00000000e0706a58,0x00000000eab00000)
 Metaspace       used 20732K, capacity 21246K, committed 21296K, reserved 1067008K
  class space    used 2984K, capacity 3159K, committed 3200K, reserved 1048576K
}
Event: 6.424 GC heap before
{Heap before GC invocations=6 (full 1):
 PSYoungGen      total 76288K, used 65536K [0x00000000f5580000, 0x00000000faa80000, 0x0000000100000000)
  eden space 65536K, 100% used [0x00000000f5580000,0x00000000f9580000,0x00000000f9580000)
  from space 10752K, 0% used [0x00000000fa000000,0x00000000fa000000,0x00000000faa80000)
  to   space 10752K, 0% used [0x00000000f9580000,0x00000000f9580000,0x00000000fa000000)
 ParOldGen       total 175104K, used 7204K [0x00000000e0000000, 0x00000000eab00000, 0x00000000f5580000)
  object space 175104K, 4% used [0x00000000e0000000,0x00000000e0709328,0x00000000eab00000)
 Metaspace       used 29260K, capacity 29906K, committed 30080K, reserved 1075200K
  class space    used 4008K, capacity 4197K, committed 4224K, reserved 1048576K
Event: 6.443 GC heap after
Heap after GC invocations=6 (full 1):
 PSYoungGen      total 76288K, used 8305K [0x00000000f5580000, 0x00000000fd480000, 0x0000000100000000)
  eden space 65536K, 0% used [0x00000000f5580000,0x00000000f5580000,0x00000000f9580000)
  from space 10752K, 77% used [0x00000000f9580000,0x00000000f9d9c7d8,0x00000000fa000000)
  to   space 11776K, 0% used [0x00000000fc900000,0x00000000fc900000,0x00000000fd480000)
 ParOldGen       total 175104K, used 7212K [0x00000000e0000000, 0x00000000eab00000, 0x00000000f5580000)
  object space 175104K, 4% used [0x00000000e0000000,0x00000000e070b328,0x00000000eab00000)
 Metaspace       used 29260K, capacity 29906K, committed 30080K, reserved 1075200K
  class space    used 4008K, capacity 4197K, committed 4224K, reserved 1048576K
}

