# JRE version: OpenJDK Runtime Environment (8.0_275-b01) (build 1.8.0_275-b01)
# Java VM: OpenJDK 64-Bit Server VM (25.275-b01 mixed mode windows-amd64 compressed oops)
Heap:
 PSYoungGen      total 76288K, used 21097K [0x00000000f5580000, 0x00000000fcc00000, 0x0000000100000000)
  eden space 65536K, 19% used [0x00000000f5580000,0x00000000f61f2178,0x00000000f9580000)
  from space 10752K, 77% used [0x00000000f9580000,0x00000000f9da83e8,0x00000000fa000000)
  to   space 11776K, 0% used [0x00000000fc080000,0x00000000fc080000,0x00000000fcc00000)
 ParOldGen       total 175104K, used 7128K [0x00000000e0000000, 0x00000000eab00000, 0x00000000f5580000)
  object space 175104K, 4% used [0x00000000e0000000,0x00000000e06f6248,0x00000000eab00000)
 Metaspace       used 29516K, capacity 30236K, committed 30464K, reserved 1075200K
  class space    used 4048K, capacity 4243K, committed 4352K, reserved 1048576K
GC Heap History (10 events):
Event: 11.500 GC heap before
{Heap before GC invocations=2 (full 0):
 PSYoungGen      total 76288K, used 71135K [0x00000000f5580000, 0x00000000faa80000, 0x0000000100000000)
  eden space 65536K, 100% used [0x00000000f5580000,0x00000000f9580000,0x00000000f9580000)
  from space 10752K, 52% used [0x00000000f9580000,0x00000000f9af7e38,0x00000000fa000000)
  to   space 10752K, 0% used [0x00000000fa000000,0x00000000fa000000,0x00000000faa80000)
 ParOldGen       total 175104K, used 16K [0x00000000e0000000, 0x00000000eab00000, 0x00000000f5580000)
  object space 175104K, 0% used [0x00000000e0000000,0x00000000e0004000,0x00000000eab00000)
 Metaspace       used 14903K, capacity 15266K, committed 15488K, reserved 1062912K
  class space    used 2017K, capacity 2163K, committed 2176K, reserved 1048576K
Event: 11.514 GC heap after
Heap after GC invocations=2 (full 0):
 PSYoungGen      total 76288K, used 9319K [0x00000000f5580000, 0x00000000faa80000, 0x0000000100000000)
  eden space 65536K, 0% used [0x00000000f5580000,0x00000000f5580000,0x00000000f9580000)
  from space 10752K, 86% used [0x00000000fa000000,0x00000000fa919e60,0x00000000faa80000)
  to   space 10752K, 0% used [0x00000000f9580000,0x00000000f9580000,0x00000000fa000000)
 ParOldGen       total 175104K, used 24K [0x00000000e0000000, 0x00000000eab00000, 0x00000000f5580000)
  object space 175104K, 0% used [0x00000000e0000000,0x00000000e0006000,0x00000000eab00000)
 Metaspace       used 14903K, capacity 15266K, committed 15488K, reserved 1062912K
  class space    used 2017K, capacity 2163K, committed 2176K, reserved 1048576K
}
Event: 15.283 GC heap before
{Heap before GC invocations=3 (full 0):
 PSYoungGen      total 76288K, used 74855K [0x00000000f5580000, 0x00000000faa80000, 0x0000000100000000)
  eden space 65536K, 100% used [0x00000000f5580000,0x00000000f9580000,0x00000000f9580000)
  from space 10752K, 86% used [0x00000000fa000000,0x00000000fa919e60,0x00000000faa80000)
  to   space 10752K, 0% used [0x00000000f9580000,0x00000000f9580000,0x00000000fa000000)
 ParOldGen       total 175104K, used 24K [0x00000000e0000000, 0x00000000eab00000, 0x00000000f5580000)
  object space 175104K, 0% used [0x00000000e0000000,0x00000000e0006000,0x00000000eab00000)
 Metaspace       used 20017K, capacity 20558K, committed 20736K, reserved 1067008K
  class space    used 2866K, capacity 3019K, committed 3072K, reserved 1048576K
Event: 15.316 GC heap after
Heap after GC invocations=3 (full 0):
 PSYoungGen      total 76288K, used 10736K [0x00000000f5580000, 0x00000000faa80000, 0x0000000100000000)
  eden space 65536K, 0% used [0x00000000f5580000,0x00000000f5580000,0x00000000f9580000)
  from space 10752K, 99% used [0x00000000f9580000,0x00000000f9ffc2d0,0x00000000fa000000)
  to   space 10752K, 0% used [0x00000000fa000000,0x00000000fa000000,0x00000000faa80000)
 ParOldGen       total 175104K, used 533K [0x00000000e0000000, 0x00000000eab00000, 0x00000000f5580000)
  object space 175104K, 0% used [0x00000000e0000000,0x00000000e00856b8,0x00000000eab00000)
 Metaspace       used 20017K, capacity 20558K, committed 20736K, reserved 1067008K
  class space    used 2866K, capacity 3019K, committed 3072K, reserved 1048576K
}
Event: 15.695 GC heap before
{Heap before GC invocations=4 (full 0):
 PSYoungGen      total 76288K, used 22481K [0x00000000f5580000, 0x00000000faa80000, 0x0000000100000000)
  eden space 65536K, 17% used [0x00000000f5580000,0x00000000f60f8218,0x00000000f9580000)
  from space 10752K, 99% used [0x00000000f9580000,0x00000000f9ffc2d0,0x00000000fa000000)
  to   space 10752K, 0% used [0x00000000fa000000,0x00000000fa000000,0x00000000faa80000)
 ParOldGen       total 175104K, used 533K [0x00000000e0000000, 0x00000000eab00000, 0x00000000f5580000)
  object space 175104K, 0% used [0x00000000e0000000,0x00000000e00856b8,0x00000000eab00000)
 Metaspace       used 20669K, capacity 21214K, committed 21296K, reserved 1067008K
  class space    used 2973K, capacity 3127K, committed 3200K, reserved 1048576K
Event: 15.704 GC heap after
Heap after GC invocations=4 (full 0):
 PSYoungGen      total 76288K, used 7213K [0x00000000f5580000, 0x00000000faa80000, 0x0000000100000000)
  eden space 65536K, 0% used [0x00000000f5580000,0x00000000f5580000,0x00000000f9580000)
  from space 10752K, 67% used [0x00000000fa000000,0x00000000fa70b428,0x00000000faa80000)
  to   space 10752K, 0% used [0x00000000f9580000,0x00000000f9580000,0x00000000fa000000)
 ParOldGen       total 175104K, used 541K [0x00000000e0000000, 0x00000000eab00000, 0x00000000f5580000)
  object space 175104K, 0% used [0x00000000e0000000,0x00000000e00876b8,0x00000000eab00000)
 Metaspace       used 20669K, capacity 21214K, committed 21296K, reserved 1067008K
  class space    used 2973K, capacity 3127K, committed 3200K, reserved 1048576K
}
Event: 15.704 GC heap before
{Heap before GC invocations=5 (full 1):
 PSYoungGen      total 76288K, used 7213K [0x00000000f5580000, 0x00000000faa80000, 0x0000000100000000)
  eden space 65536K, 0% used [0x00000000f5580000,0x00000000f5580000,0x00000000f9580000)
  from space 10752K, 67% used [0x00000000fa000000,0x00000000fa70b428,0x00000000faa80000)
  to   space 10752K, 0% used [0x00000000f9580000,0x00000000f9580000,0x00000000fa000000)
 ParOldGen       total 175104K, used 541K [0x00000000e0000000, 0x00000000eab00000, 0x00000000f5580000)
  object space 175104K, 0% used [0x00000000e0000000,0x00000000e00876b8,0x00000000eab00000)
 Metaspace       used 20669K, capacity 21214K, committed 21296K, reserved 1067008K
  class space    used 2973K, capacity 3127K, committed 3200K, reserved 1048576K
Event: 15.837 GC heap after
Heap after GC invocations=5 (full 1):
 PSYoungGen      total 76288K, used 0K [0x00000000f5580000, 0x00000000faa80000, 0x0000000100000000)
  eden space 65536K, 0% used [0x00000000f5580000,0x00000000f5580000,0x00000000f9580000)
  from space 10752K, 0% used [0x00000000fa000000,0x00000000fa000000,0x00000000faa80000)
  to   space 10752K, 0% used [0x00000000f9580000,0x00000000f9580000,0x00000000fa000000)
 ParOldGen       total 175104K, used 7120K [0x00000000e0000000, 0x00000000eab00000, 0x00000000f5580000)
  object space 175104K, 4% used [0x00000000e0000000,0x00000000e06f4248,0x00000000eab00000)
 Metaspace       used 20669K, capacity 21214K, committed 21296K, reserved 1067008K
  class space    used 2973K, capacity 3127K, committed 3200K, reserved 1048576K
}
Event: 19.562 GC heap before
{Heap before GC invocations=6 (full 1):
 PSYoungGen      total 76288K, used 65536K [0x00000000f5580000, 0x00000000faa80000, 0x0000000100000000)
  eden space 65536K, 100% used [0x00000000f5580000,0x00000000f9580000,0x00000000f9580000)
  from space 10752K, 0% used [0x00000000fa000000,0x00000000fa000000,0x00000000faa80000)
  to   space 10752K, 0% used [0x00000000f9580000,0x00000000f9580000,0x00000000fa000000)
 ParOldGen       total 175104K, used 7120K [0x00000000e0000000, 0x00000000eab00000, 0x00000000f5580000)
  object space 175104K, 4% used [0x00000000e0000000,0x00000000e06f4248,0x00000000eab00000)
 Metaspace       used 29194K, capacity 29896K, committed 30080K, reserved 1075200K
  class space    used 3996K, capacity 4196K, committed 4224K, reserved 1048576K
Event: 19.577 GC heap after
Heap after GC invocations=6 (full 1):
 PSYoungGen      total 76288K, used 8352K [0x00000000f5580000, 0x00000000fcc00000, 0x0000000100000000)
  eden space 65536K, 0% used [0x00000000f5580000,0x00000000f5580000,0x00000000f9580000)
  from space 10752K, 77% used [0x00000000f9580000,0x00000000f9da83e8,0x00000000fa000000)
  to   space 11776K, 0% used [0x00000000fc080000,0x00000000fc080000,0x00000000fcc00000)
 ParOldGen       total 175104K, used 7128K [0x00000000e0000000, 0x00000000eab00000, 0x00000000f5580000)
  object space 175104K, 4% used [0x00000000e0000000,0x00000000e06f6248,0x00000000eab00000)
 Metaspace       used 29194K, capacity 29896K, committed 30080K, reserved 1075200K
  class space    used 3996K, capacity 4196K, committed 4224K, reserved 1048576K
}

